env: load .env
env: export AWS_ACCESS_KEY_ID AWS_BUCKET AWS_DEFAULT_REGION AWS_ENDPOINT AWS_SECRET_ACCESS_KEY AWS_URL AWS_USE_PATH_STYLE_ENDPOINT EXPO_PUBLIC_SUPABASE_KEY EXPO_PUBLIC_SUPABASE_URL SOURCE_SUPABASE_SERVICE_KEY SUPABASE_SERVICE_KEY
Running 17 checks on your project...
15/17 checks passed. 2 checks failed. Possible issues detected:
Use the --verbose flag to see more details about passed checks.

✖ Validate packages against React Native Directory package metadata
Directory check failed with unexpected server response

✖ Check that packages match versions required by installed Expo SDK

❗ Major version mismatches
package                    expected  found    
react-native-view-shot     4.0.3     3.8.0    

⚠️ Minor version mismatches
package                    expected  found    
react-native-screens       ~4.16.0   4.18.0   
react-native-svg           15.12.1   15.15.1  

🔧 Patch version mismatches
package                    expected  found    
expo                       ~54.0.33  54.0.24  
expo-apple-authentication  ~8.0.8    8.0.7    
expo-asset                 ~12.0.12  12.0.10  
expo-auth-session          ~7.0.10   7.0.9    
expo-av                    ~16.0.8   16.0.7   
expo-crypto                ~15.0.8   15.0.7   
expo-file-system           ~19.0.21  19.0.18  
expo-font                  ~14.0.11  14.0.9   
expo-haptics               ~15.0.8   15.0.7   
expo-image                 ~3.0.11   3.0.10   
expo-keep-awake            ~15.0.8   15.0.7   
expo-linear-gradient       ~15.0.8   15.0.7   
expo-linking               ~8.0.11   8.0.9    
expo-media-library         ~18.2.1   18.2.0   
expo-splash-screen         ~31.0.13  31.0.11  
expo-status-bar            ~3.0.9    3.0.8    
expo-system-ui             ~6.0.9    6.0.8    
expo-updates               ~29.0.16  29.0.12  
expo-web-browser           ~15.0.10  15.0.9   

Changelogs:
- expo-apple-authentication → https://github.com/expo/expo/blob/sdk-54/packages/expo-apple-authentication/CHANGELOG.md
- expo-asset → https://github.com/expo/expo/blob/sdk-54/packages/expo-asset/CHANGELOG.md
- expo-auth-session → https://github.com/expo/expo/blob/sdk-54/packages/expo-auth-session/CHANGELOG.md
- expo-av → https://github.com/expo/expo/blob/sdk-54/packages/expo-av/CHANGELOG.md
- expo-crypto → https://github.com/expo/expo/blob/sdk-54/packages/expo-crypto/CHANGELOG.md
- expo-file-system → https://github.com/expo/expo/blob/sdk-54/packages/expo-file-system/CHANGELOG.md
- expo-font → https://github.com/expo/expo/blob/sdk-54/packages/expo-font/CHANGELOG.md
- expo-haptics → https://github.com/expo/expo/blob/sdk-54/packages/expo-haptics/CHANGELOG.md
- expo-image → https://github.com/expo/expo/blob/sdk-54/packages/expo-image/CHANGELOG.md
- expo-keep-awake → https://github.com/expo/expo/blob/sdk-54/packages/expo-keep-awake/CHANGELOG.md
- expo-linear-gradient → https://github.com/expo/expo/blob/sdk-54/packages/expo-linear-gradient/CHANGELOG.md
- expo-linking → https://github.com/expo/expo/blob/sdk-54/packages/expo-linking/CHANGELOG.md
- expo-media-library → https://github.com/expo/expo/blob/sdk-54/packages/expo-media-library/CHANGELOG.md
- expo-splash-screen → https://github.com/expo/expo/blob/sdk-54/packages/expo-splash-screen/CHANGELOG.md
- expo-status-bar → https://github.com/expo/expo/blob/sdk-54/packages/expo-status-bar/CHANGELOG.md
- expo-system-ui → https://github.com/expo/expo/blob/sdk-54/packages/expo-system-ui/CHANGELOG.md
- expo-updates → https://github.com/expo/expo/blob/sdk-54/packages/expo-updates/CHANGELOG.md
- expo-web-browser → https://github.com/expo/expo/blob/sdk-54/packages/expo-web-browser/CHANGELOG.md

22 packages out of date.
Advice:
Use 'npx expo install --check' to review and upgrade your dependencies.
To ignore specific packages, add them to "expo.install.exclude" in package.json. Learn more: https://expo.fyi/dependency-validation

